time="2024-03-28T18:21:37+07:00" level=warning msg="{2024-03-28 18:21:37.449296 +0700 +07 m=+67.954441501 0s ::1 POST 404 /api/v1/stocks PostmanRuntime/7.37.0}"
time="2024-03-28T18:22:13+07:00" level=warning msg="{2024-03-28 18:22:13.8349433 +0700 +07 m=+104.340088801 0s ::1 POST 404 /api/v1/stocks/ PostmanRuntime/7.37.0}"
time="2024-03-28T18:23:09+07:00" level=info msg="{2024-03-28 18:23:09.6680048 +0700 +07 m=+6.273064601 261.5673ms ::1 POST 201 /api/v1/stocks/ PostmanRuntime/7.37.0}"
time="2024-03-28T18:23:35+07:00" level=fatal msg="{2024-03-28 18:23:35.634406 +0700 +07 m=+32.239465801 589.6µs ::1 POST 500 /api/v1/stocks/ PostmanRuntime/7.37.0}"
time="2024-03-28T18:27:06+07:00" level=warning msg="{2024-03-28 18:27:06.1920956 +0700 +07 m=+16.498609701 633.4µs ::1 POST 400 /api/v1/stocks/ PostmanRuntime/7.37.0}"
time="2024-03-28T18:28:32+07:00" level=warning msg="{2024-03-28 18:28:32.1223257 +0700 +07 m=+5.770150801 560.9µs ::1 POST 400 /api/v1/stocks/ PostmanRuntime/7.37.0}"
time="2024-03-28T18:28:48+07:00" level=fatal msg="{2024-03-28 18:28:48.1708211 +0700 +07 m=+21.818646201 0s ::1 POST 500 /api/v1/stocks/ PostmanRuntime/7.37.0}"
time="2024-03-28T18:29:19+07:00" level=warning msg="{2024-03-28 18:29:19.4490594 +0700 +07 m=+19.765038301 0s ::1 POST 400 /api/v1/stocks/ PostmanRuntime/7.37.0}"
time="2024-03-28T18:29:51+07:00" level=warning msg="{2024-03-28 18:29:51.2077793 +0700 +07 m=+51.523758201 0s ::1 POST 400 /api/v1/stocks/ PostmanRuntime/7.37.0}"
time="2024-03-28T18:29:52+07:00" level=warning msg="{2024-03-28 18:29:52.184017 +0700 +07 m=+52.499995901 0s ::1 POST 400 /api/v1/stocks/ PostmanRuntime/7.37.0}"
time="2024-03-28T18:29:52+07:00" level=warning msg="{2024-03-28 18:29:52.9878131 +0700 +07 m=+53.303792001 0s ::1 POST 400 /api/v1/stocks/ PostmanRuntime/7.37.0}"
time="2024-03-28T18:29:53+07:00" level=warning msg="{2024-03-28 18:29:53.7006639 +0700 +07 m=+54.016642801 0s ::1 POST 400 /api/v1/stocks/ PostmanRuntime/7.37.0}"
time="2024-03-28T18:30:50+07:00" level=warning msg="{2024-03-28 18:30:50.6266442 +0700 +07 m=+7.792793201 522.9µs ::1 POST 400 /api/v1/stocks/ PostmanRuntime/7.37.0}"
time="2024-03-28T18:30:58+07:00" level=fatal msg="{2024-03-28 18:30:58.891893 +0700 +07 m=+16.058042001 0s ::1 POST 500 /api/v1/stocks/ PostmanRuntime/7.37.0}"
time="2024-03-28T19:08:09+07:00" level=fatal msg="{2024-03-28 19:08:09.6051608 +0700 +07 m=+6.564829801 0s ::1 POST 500 /api/v1/stocks/ PostmanRuntime/7.37.0}"
time="2024-03-28T19:16:29+07:00" level=fatal msg="{2024-03-28 19:16:29.1388381 +0700 +07 m=+8.201398601 0s ::1 POST 500 /api/v1/stocks/ PostmanRuntime/7.37.0}"
time="2024-03-28T19:17:34+07:00" level=fatal msg="{2024-03-28 19:17:34.1537999 +0700 +07 m=+9.032784001 0s 127.0.0.1 POST 500 /api/v1/stocks/ PostmanRuntime/7.37.0}"
time="2024-03-28T19:24:33+07:00" level=fatal msg="{2024-03-28 19:24:33.6806722 +0700 +07 m=+2.561580801 507.5µs 127.0.0.1 POST 500 /api/v1/stocks/ PostmanRuntime/7.37.0}"
time="2024-03-28T19:40:41+07:00" level=fatal msg="{2024-03-28 19:40:41.2838092 +0700 +07 m=+4.597988601 0s 127.0.0.1 POST 500 /api/v1/stocks/ PostmanRuntime/7.37.0}"
time="2024-03-28T19:48:44+07:00" level=fatal msg="{2024-03-28 19:48:44.0078885 +0700 +07 m=+2.817940201 0s 127.0.0.1 POST 500 /api/v1/stocks/ PostmanRuntime/7.37.0}"
time="2024-03-28T20:14:10+07:00" level=warning msg="{2024-03-28 20:14:10.2128278 +0700 +07 m=+7.374646001 508.3µs ::1 POST 400 /api/v1/stocks/ PostmanRuntime/7.37.0}"
time="2024-03-28T20:14:57+07:00" level=info msg="{2024-03-28 20:14:57.3943716 +0700 +07 m=+54.556189801 81.4698ms ::1 POST 201 /api/v1/stocks/ PostmanRuntime/7.37.0}"
time="2024-03-28T20:15:06+07:00" level=fatal msg="{2024-03-28 20:15:06.0144268 +0700 +07 m=+63.176245001 0s ::1 POST 500 /api/v1/stocks/ PostmanRuntime/7.37.0}"
time="2024-03-28T20:15:23+07:00" level=info msg="{2024-03-28 20:15:23.1103661 +0700 +07 m=+80.272184301 2.8148ms ::1 POST 201 /api/v1/stocks/ PostmanRuntime/7.37.0}"
time="2024-03-28T20:16:48+07:00" level=info msg="{2024-03-28 20:16:48.9282822 +0700 +07 m=+166.090100401 1.0969ms ::1 GET 200 /api/v1/stocks/8216f7ab-8a15-4969-9eba-42563c040a2a PostmanRuntime/7.37.0}"
time="2024-03-28T20:17:07+07:00" level=warning msg="{2024-03-28 20:17:07.9570421 +0700 +07 m=+185.118860301 0s ::1 GET 400 /api/v1/stocks/ PostmanRuntime/7.37.0}"
time="2024-03-28T20:22:40+07:00" level=warning msg="{2024-03-28 20:22:40.4351368 +0700 +07 m=+4.458104701 0s ::1 GET 400 /api/v1/stocks/ PostmanRuntime/7.37.0}"
time="2024-03-28T20:23:30+07:00" level=fatal msg="{2024-03-28 20:23:30.2505577 +0700 +07 m=+54.273525601 50.3074ms ::1 GET 500 /api/v1/stocks/ PostmanRuntime/7.37.0}"
time="2024-03-28T20:23:56+07:00" level=fatal msg="{2024-03-28 20:23:56.1420465 +0700 +07 m=+80.165014401 516.6µs ::1 GET 500 /api/v1/stocks/ PostmanRuntime/7.37.0}"
time="2024-03-28T20:23:57+07:00" level=fatal msg="{2024-03-28 20:23:57.7859379 +0700 +07 m=+81.808905801 0s ::1 GET 500 /api/v1/stocks/ PostmanRuntime/7.37.0}"
time="2024-03-28T20:23:59+07:00" level=fatal msg="{2024-03-28 20:23:59.021456 +0700 +07 m=+83.044423901 0s ::1 GET 500 /api/v1/stocks/ PostmanRuntime/7.37.0}"
time="2024-03-28T20:32:51+07:00" level=fatal msg="{2024-03-28 20:32:51.6245851 +0700 +07 m=+7.090965101 52.0317ms ::1 GET 500 /api/v1/stocks/ PostmanRuntime/7.37.0}"
time="2024-03-28T20:32:58+07:00" level=info msg="{2024-03-28 20:32:58.8429893 +0700 +07 m=+14.309369301 1.514ms ::1 GET 200 /api/v1/stocks/ PostmanRuntime/7.37.0}"
time="2024-03-28T20:33:26+07:00" level=fatal msg="{2024-03-28 20:33:26.3265343 +0700 +07 m=+41.792914301 0s ::1 GET 500 /api/v1/stocks/ PostmanRuntime/7.37.0}"
time="2024-03-28T20:34:28+07:00" level=fatal msg="{2024-03-28 20:34:28.4130124 +0700 +07 m=+4.066221001 45.8875ms ::1 GET 500 /api/v1/stocks/ PostmanRuntime/7.37.0}"
time="2024-03-28T20:35:04+07:00" level=info msg="{2024-03-28 20:35:04.4551659 +0700 +07 m=+4.477340001 48.0643ms ::1 GET 200 /api/v1/stocks/ PostmanRuntime/7.37.0}"
time="2024-03-28T20:35:34+07:00" level=info msg="{2024-03-28 20:35:34.3680525 +0700 +07 m=+34.390226601 905.4µs ::1 GET 200 /api/v1/stocks/ PostmanRuntime/7.37.0}"
time="2024-03-28T20:35:40+07:00" level=info msg="{2024-03-28 20:35:40.4717824 +0700 +07 m=+40.493956501 505.7µs ::1 GET 200 /api/v1/stocks/ PostmanRuntime/7.37.0}"
time="2024-03-28T20:35:49+07:00" level=warning msg="{2024-03-28 20:35:49.9639853 +0700 +07 m=+49.986159401 0s ::1 GET 400 /api/v1/stocks/ PostmanRuntime/7.37.0}"
time="2024-03-28T20:37:47+07:00" level=info msg="{2024-03-28 20:37:47.30098 +0700 +07 m=+4.590457101 49.5487ms ::1 GET 200 /api/v1/stocks/ PostmanRuntime/7.37.0}"
time="2024-03-28T20:38:31+07:00" level=info msg="{2024-03-28 20:38:31.3553306 +0700 +07 m=+48.644807701 505µs ::1 GET 200 /api/v1/stocks/ PostmanRuntime/7.37.0}"
time="2024-03-28T20:38:33+07:00" level=info msg="{2024-03-28 20:38:33.8582258 +0700 +07 m=+51.147702901 506.3µs ::1 GET 200 /api/v1/stocks/ PostmanRuntime/7.37.0}"
time="2024-03-28T20:40:05+07:00" level=warning msg="{2024-03-28 20:40:05.2606875 +0700 +07 m=+142.550164601 504.8µs ::1 PUT 400 /api/v1/stocks/b463f066-ca87-413c-9de0-3b7685a5f2e1 PostmanRuntime/7.37.0}"
time="2024-03-28T20:40:34+07:00" level=fatal msg="{2024-03-28 20:40:34.2977403 +0700 +07 m=+171.587217401 0s ::1 PUT 500 /api/v1/stocks/b463f066-ca87-413c-9de0-3b7685a5f2e1 PostmanRuntime/7.37.0}"
time="2024-03-28T20:42:47+07:00" level=fatal msg="{2024-03-28 20:42:47.8719266 +0700 +07 m=+5.504575601 43.5442ms ::1 PUT 500 /api/v1/stocks/b463f066-ca87-413c-9de0-3b7685a5f2e1 PostmanRuntime/7.37.0}"
time="2024-03-28T20:43:29+07:00" level=fatal msg="{2024-03-28 20:43:29.0022235 +0700 +07 m=+4.328057601 49.7052ms ::1 PUT 500 /api/v1/stocks/b463f066-ca87-413c-9de0-3b7685a5f2e1 PostmanRuntime/7.37.0}"
time="2024-03-28T20:43:55+07:00" level=fatal msg="{2024-03-28 20:43:55.6405233 +0700 +07 m=+30.966357401 506.6µs ::1 PUT 500 /api/v1/stocks/b463f066-ca87-413c-9de0-3b7685a5f2e1 PostmanRuntime/7.37.0}"
time="2024-03-28T20:44:40+07:00" level=info msg="{2024-03-28 20:44:40.214257 +0700 +07 m=+6.290761601 41.6199ms ::1 PUT 200 /api/v1/stocks/b463f066-ca87-413c-9de0-3b7685a5f2e1 PostmanRuntime/7.37.0}"
time="2024-03-28T20:44:54+07:00" level=info msg="{2024-03-28 20:44:54.2333688 +0700 +07 m=+20.309873401 1.059ms ::1 PUT 200 /api/v1/stocks/b463f066-ca87-413c-9de0-3b7685a5f2e1 PostmanRuntime/7.37.0}"
time="2024-03-28T20:44:57+07:00" level=fatal msg="{2024-03-28 20:44:57.102391 +0700 +07 m=+23.178895601 0s ::1 PUT 500 /api/v1/stocks/b463f066-ca87-413c-9de0-3b7685a5f2e1 PostmanRuntime/7.37.0}"
time="2024-03-28T20:45:01+07:00" level=info msg="{2024-03-28 20:45:01.7408563 +0700 +07 m=+27.817360901 1.2099ms ::1 PUT 200 /api/v1/stocks/b463f066-ca87-413c-9de0-3b7685a5f2e1 PostmanRuntime/7.37.0}"
time="2024-03-28T20:45:32+07:00" level=fatal msg="{2024-03-28 20:45:32.9844795 +0700 +07 m=+59.060984101 4.9931ms ::1 DELETE 500 /api/v1/stocks/b463f066-ca87-413c-9de0-3b7685a5f2e1 PostmanRuntime/7.37.0}"
time="2024-03-28T20:46:03+07:00" level=info msg="{2024-03-28 20:46:02.9208449 +0700 +07 m=+4.152226001 176.9444ms ::1 DELETE 200 /api/v1/stocks/b463f066-ca87-413c-9de0-3b7685a5f2e1 PostmanRuntime/7.37.0}"
